[ 2017-03-04T10:30:30+08:00 ] 127.0.0.1 /
INFO: [ app_init ] --START--
INFO: Run Behavior\BuildLiteBehavior [ RunTime:0.000000s ]
INFO: [ app_init ] --END-- [ RunTime:0.025001s ]
INFO: [ app_begin ] --START--
INFO: Run Behavior\ReadHtmlCacheBehavior [ RunTime:0.002000s ]
INFO: [ app_begin ] --END-- [ RunTime:0.002000s ]
INFO: [ view_parse ] --START--
INFO: Run Behavior\ParseTemplateBehavior [ RunTime:0.035002s ]
INFO: [ view_parse ] --END-- [ RunTime:0.035002s ]
INFO: [ view_filter ] --START--
INFO: Run Behavior\WriteHtmlCacheBehavior [ RunTime:0.001000s ]
INFO: [ view_filter ] --END-- [ RunTime:0.001000s ]
INFO: [ app_end ] --START--
INFO: Run Behavior\ShowPageTraceBehavior [ RunTime:0.002000s ]
INFO: [ app_end ] --END-- [ RunTime:0.002000s ]

[ 2017-03-04T10:30:30+08:00 ] 127.0.0.1 /index.php/login/enter.html
INFO: [ app_init ] --START--
INFO: Run Behavior\BuildLiteBehavior [ RunTime:0.000000s ]
INFO: [ app_init ] --END-- [ RunTime:0.001000s ]
INFO: [ app_begin ] --START--
INFO: Run Behavior\ReadHtmlCacheBehavior [ RunTime:0.001000s ]
INFO: [ app_begin ] --END-- [ RunTime:0.001000s ]
INFO: [ view_parse ] --START--
INFO: Run Behavior\ParseTemplateBehavior [ RunTime:0.035002s ]
INFO: [ view_parse ] --END-- [ RunTime:0.035002s ]
INFO: [ view_filter ] --START--
INFO: Run Behavior\WriteHtmlCacheBehavior [ RunTime:0.000000s ]
INFO: [ view_filter ] --END-- [ RunTime:0.001000s ]
INFO: [ app_end ] --START--
INFO: Run Behavior\ShowPageTraceBehavior [ RunTime:0.001000s ]
INFO: [ app_end ] --END-- [ RunTime:0.002000s ]

[ 2017-03-04T10:30:36+08:00 ] 127.0.0.1 /index.php/login/submit_login.html
INFO: [ app_init ] --START--
INFO: Run Behavior\BuildLiteBehavior [ RunTime:0.000000s ]
INFO: [ app_init ] --END-- [ RunTime:0.000000s ]
INFO: [ app_begin ] --START--
INFO: Run Behavior\ReadHtmlCacheBehavior [ RunTime:0.000000s ]
INFO: [ app_begin ] --END-- [ RunTime:0.000000s ]
SQL: SHOW COLUMNS FROM `crm_user` [ RunTime:0.0468s ]
SQL: SELECT * FROM `crm_user` WHERE `name` = 'yz' LIMIT 1   [ RunTime:0.0000s ]

[ 2017-03-04T10:30:36+08:00 ] 127.0.0.1 /index.php/index/index.html
INFO: [ app_init ] --START--
INFO: Run Behavior\BuildLiteBehavior [ RunTime:0.000000s ]
INFO: [ app_init ] --END-- [ RunTime:0.001001s ]
INFO: [ app_begin ] --START--
INFO: Run Behavior\ReadHtmlCacheBehavior [ RunTime:0.001000s ]
INFO: [ app_begin ] --END-- [ RunTime:0.001000s ]
INFO: [ view_parse ] --START--
INFO: Run Behavior\ParseTemplateBehavior [ RunTime:0.002000s ]
INFO: [ view_parse ] --END-- [ RunTime:0.002000s ]
INFO: [ view_filter ] --START--
INFO: Run Behavior\WriteHtmlCacheBehavior [ RunTime:0.001000s ]
INFO: [ view_filter ] --END-- [ RunTime:0.001000s ]
INFO: [ app_end ] --START--
INFO: Run Behavior\ShowPageTraceBehavior [ RunTime:0.001000s ]
INFO: [ app_end ] --END-- [ RunTime:0.001000s ]

[ 2017-03-04T10:30:36+08:00 ] 127.0.0.1 /index.php/user/aunt_list.html
INFO: [ app_init ] --START--
INFO: Run Behavior\BuildLiteBehavior [ RunTime:0.000000s ]
INFO: [ app_init ] --END-- [ RunTime:0.000000s ]
INFO: [ app_begin ] --START--
INFO: Run Behavior\ReadHtmlCacheBehavior [ RunTime:0.001000s ]
INFO: [ app_begin ] --END-- [ RunTime:0.001000s ]
SQL: SHOW COLUMNS FROM `crm_client` [ RunTime:0.0440s ]
SQL: SELECT * FROM `crm_client` WHERE `status` = 1 ORDER BY createtime desc LIMIT 0,10   [ RunTime:0.0360s ]
SQL: SELECT COUNT(*) AS tp_count FROM `crm_client` WHERE `status` = 1 LIMIT 1   [ RunTime:0.0000s ]
INFO: [ view_parse ] --START--
INFO: Run Behavior\ParseTemplateBehavior [ RunTime:0.002000s ]
INFO: [ view_parse ] --END-- [ RunTime:0.002000s ]
INFO: [ view_filter ] --START--
INFO: Run Behavior\WriteHtmlCacheBehavior [ RunTime:0.000000s ]
INFO: [ view_filter ] --END-- [ RunTime:0.000000s ]
INFO: [ app_end ] --START--
INFO: Run Behavior\ShowPageTraceBehavior [ RunTime:0.001000s ]
INFO: [ app_end ] --END-- [ RunTime:0.001000s ]

[ 2017-03-04T10:30:45+08:00 ] 127.0.0.1 /index.php/user/user_edit/id/23.html
INFO: [ app_init ] --START--
INFO: Run Behavior\BuildLiteBehavior [ RunTime:0.001000s ]
INFO: [ app_init ] --END-- [ RunTime:0.001000s ]
INFO: [ app_begin ] --START--
INFO: Run Behavior\ReadHtmlCacheBehavior [ RunTime:0.001000s ]
INFO: [ app_begin ] --END-- [ RunTime:0.001000s ]
SQL: SHOW COLUMNS FROM `crm_client` [ RunTime:0.0030s ]
SQL: SELECT * FROM `crm_client` WHERE `id` = 23 LIMIT 1   [ RunTime:0.0000s ]
INFO: [ view_parse ] --START--
NOTIC: [8] Use of undefined constant pic - assumed 'pic' E:\www\nanny\App_WX\Runtime\Cache\Aunt\072852c31f3ff3a22e220cffaab99bf4.php 第 42 行.
NOTIC: [8] Use of undefined constant city - assumed 'city' E:\www\nanny\App_WX\Runtime\Cache\Aunt\072852c31f3ff3a22e220cffaab99bf4.php 第 61 行.
NOTIC: [8] Use of undefined constant city - assumed 'city' E:\www\nanny\App_WX\Runtime\Cache\Aunt\072852c31f3ff3a22e220cffaab99bf4.php 第 62 行.
NOTIC: [8] Use of undefined constant city - assumed 'city' E:\www\nanny\App_WX\Runtime\Cache\Aunt\072852c31f3ff3a22e220cffaab99bf4.php 第 63 行.
NOTIC: [8] Use of undefined constant city - assumed 'city' E:\www\nanny\App_WX\Runtime\Cache\Aunt\072852c31f3ff3a22e220cffaab99bf4.php 第 64 行.
NOTIC: [8] Use of undefined constant city - assumed 'city' E:\www\nanny\App_WX\Runtime\Cache\Aunt\072852c31f3ff3a22e220cffaab99bf4.php 第 65 行.
NOTIC: [8] Use of undefined constant city - assumed 'city' E:\www\nanny\App_WX\Runtime\Cache\Aunt\072852c31f3ff3a22e220cffaab99bf4.php 第 66 行.
NOTIC: [8] Use of undefined constant city - assumed 'city' E:\www\nanny\App_WX\Runtime\Cache\Aunt\072852c31f3ff3a22e220cffaab99bf4.php 第 67 行.
NOTIC: [8] Use of undefined constant city - assumed 'city' E:\www\nanny\App_WX\Runtime\Cache\Aunt\072852c31f3ff3a22e220cffaab99bf4.php 第 68 行.
NOTIC: [8] Use of undefined constant city - assumed 'city' E:\www\nanny\App_WX\Runtime\Cache\Aunt\072852c31f3ff3a22e220cffaab99bf4.php 第 69 行.
NOTIC: [8] Use of undefined constant city - assumed 'city' E:\www\nanny\App_WX\Runtime\Cache\Aunt\072852c31f3ff3a22e220cffaab99bf4.php 第 70 行.
NOTIC: [8] Use of undefined constant city - assumed 'city' E:\www\nanny\App_WX\Runtime\Cache\Aunt\072852c31f3ff3a22e220cffaab99bf4.php 第 71 行.
NOTIC: [8] Use of undefined constant city - assumed 'city' E:\www\nanny\App_WX\Runtime\Cache\Aunt\072852c31f3ff3a22e220cffaab99bf4.php 第 72 行.
NOTIC: [8] Use of undefined constant city - assumed 'city' E:\www\nanny\App_WX\Runtime\Cache\Aunt\072852c31f3ff3a22e220cffaab99bf4.php 第 73 行.
NOTIC: [8] Use of undefined constant city - assumed 'city' E:\www\nanny\App_WX\Runtime\Cache\Aunt\072852c31f3ff3a22e220cffaab99bf4.php 第 74 行.
NOTIC: [8] Use of undefined constant city - assumed 'city' E:\www\nanny\App_WX\Runtime\Cache\Aunt\072852c31f3ff3a22e220cffaab99bf4.php 第 75 行.
NOTIC: [8] Use of undefined constant city - assumed 'city' E:\www\nanny\App_WX\Runtime\Cache\Aunt\072852c31f3ff3a22e220cffaab99bf4.php 第 76 行.
NOTIC: [8] Use of undefined constant city - assumed 'city' E:\www\nanny\App_WX\Runtime\Cache\Aunt\072852c31f3ff3a22e220cffaab99bf4.php 第 77 行.
NOTIC: [8] Use of undefined constant city - assumed 'city' E:\www\nanny\App_WX\Runtime\Cache\Aunt\072852c31f3ff3a22e220cffaab99bf4.php 第 78 行.
NOTIC: [8] Use of undefined constant city - assumed 'city' E:\www\nanny\App_WX\Runtime\Cache\Aunt\072852c31f3ff3a22e220cffaab99bf4.php 第 79 行.
NOTIC: [8] Use of undefined constant city - assumed 'city' E:\www\nanny\App_WX\Runtime\Cache\Aunt\072852c31f3ff3a22e220cffaab99bf4.php 第 80 行.
NOTIC: [8] Use of undefined constant city - assumed 'city' E:\www\nanny\App_WX\Runtime\Cache\Aunt\072852c31f3ff3a22e220cffaab99bf4.php 第 81 行.
NOTIC: [8] Use of undefined constant city - assumed 'city' E:\www\nanny\App_WX\Runtime\Cache\Aunt\072852c31f3ff3a22e220cffaab99bf4.php 第 82 行.
NOTIC: [8] Use of undefined constant city - assumed 'city' E:\www\nanny\App_WX\Runtime\Cache\Aunt\072852c31f3ff3a22e220cffaab99bf4.php 第 83 行.
NOTIC: [8] Use of undefined constant city - assumed 'city' E:\www\nanny\App_WX\Runtime\Cache\Aunt\072852c31f3ff3a22e220cffaab99bf4.php 第 84 行.
NOTIC: [8] Use of undefined constant city - assumed 'city' E:\www\nanny\App_WX\Runtime\Cache\Aunt\072852c31f3ff3a22e220cffaab99bf4.php 第 85 行.
NOTIC: [8] Use of undefined constant city - assumed 'city' E:\www\nanny\App_WX\Runtime\Cache\Aunt\072852c31f3ff3a22e220cffaab99bf4.php 第 86 行.
NOTIC: [8] Use of undefined constant city - assumed 'city' E:\www\nanny\App_WX\Runtime\Cache\Aunt\072852c31f3ff3a22e220cffaab99bf4.php 第 87 行.
NOTIC: [8] Use of undefined constant city - assumed 'city' E:\www\nanny\App_WX\Runtime\Cache\Aunt\072852c31f3ff3a22e220cffaab99bf4.php 第 88 行.
NOTIC: [8] Use of undefined constant city - assumed 'city' E:\www\nanny\App_WX\Runtime\Cache\Aunt\072852c31f3ff3a22e220cffaab99bf4.php 第 89 行.
NOTIC: [8] Use of undefined constant city - assumed 'city' E:\www\nanny\App_WX\Runtime\Cache\Aunt\072852c31f3ff3a22e220cffaab99bf4.php 第 90 行.
NOTIC: [8] Use of undefined constant city - assumed 'city' E:\www\nanny\App_WX\Runtime\Cache\Aunt\072852c31f3ff3a22e220cffaab99bf4.php 第 91 行.
NOTIC: [8] Use of undefined constant city - assumed 'city' E:\www\nanny\App_WX\Runtime\Cache\Aunt\072852c31f3ff3a22e220cffaab99bf4.php 第 92 行.
NOTIC: [8] Use of undefined constant city - assumed 'city' E:\www\nanny\App_WX\Runtime\Cache\Aunt\072852c31f3ff3a22e220cffaab99bf4.php 第 93 行.
NOTIC: [8] Use of undefined constant city - assumed 'city' E:\www\nanny\App_WX\Runtime\Cache\Aunt\072852c31f3ff3a22e220cffaab99bf4.php 第 94 行.
INFO: Run Behavior\ParseTemplateBehavior [ RunTime:0.015001s ]
INFO: [ view_parse ] --END-- [ RunTime:0.015001s ]
INFO: [ view_filter ] --START--
INFO: Run Behavior\WriteHtmlCacheBehavior [ RunTime:0.000000s ]
INFO: [ view_filter ] --END-- [ RunTime:0.000000s ]
INFO: [ app_end ] --START--
INFO: Run Behavior\ShowPageTraceBehavior [ RunTime:0.001000s ]
INFO: [ app_end ] --END-- [ RunTime:0.001000s ]

[ 2017-03-04T10:30:52+08:00 ] 127.0.0.1 /index.php/user/user_edit/id/23.html
INFO: [ app_init ] --START--
INFO: Run Behavior\BuildLiteBehavior [ RunTime:0.000000s ]
INFO: [ app_init ] --END-- [ RunTime:0.001000s ]
INFO: [ app_begin ] --START--
INFO: Run Behavior\ReadHtmlCacheBehavior [ RunTime:0.001000s ]
INFO: [ app_begin ] --END-- [ RunTime:0.001000s ]
SQL: SHOW COLUMNS FROM `crm_client` [ RunTime:0.0030s ]
SQL: SELECT * FROM `crm_client` WHERE `id` = 23 LIMIT 1   [ RunTime:0.0000s ]
INFO: [ view_parse ] --START--
NOTIC: [8] Use of undefined constant pic - assumed 'pic' E:\www\nanny\App_WX\Runtime\Cache\Aunt\072852c31f3ff3a22e220cffaab99bf4.php 第 42 行.
NOTIC: [8] Use of undefined constant city - assumed 'city' E:\www\nanny\App_WX\Runtime\Cache\Aunt\072852c31f3ff3a22e220cffaab99bf4.php 第 61 行.
NOTIC: [8] Use of undefined constant city - assumed 'city' E:\www\nanny\App_WX\Runtime\Cache\Aunt\072852c31f3ff3a22e220cffaab99bf4.php 第 62 行.
NOTIC: [8] Use of undefined constant city - assumed 'city' E:\www\nanny\App_WX\Runtime\Cache\Aunt\072852c31f3ff3a22e220cffaab99bf4.php 第 63 行.
NOTIC: [8] Use of undefined constant city - assumed 'city' E:\www\nanny\App_WX\Runtime\Cache\Aunt\072852c31f3ff3a22e220cffaab99bf4.php 第 64 行.
NOTIC: [8] Use of undefined constant city - assumed 'city' E:\www\nanny\App_WX\Runtime\Cache\Aunt\072852c31f3ff3a22e220cffaab99bf4.php 第 65 行.
NOTIC: [8] Use of undefined constant city - assumed 'city' E:\www\nanny\App_WX\Runtime\Cache\Aunt\072852c31f3ff3a22e220cffaab99bf4.php 第 66 行.
NOTIC: [8] Use of undefined constant city - assumed 'city' E:\www\nanny\App_WX\Runtime\Cache\Aunt\072852c31f3ff3a22e220cffaab99bf4.php 第 67 行.
NOTIC: [8] Use of undefined constant city - assumed 'city' E:\www\nanny\App_WX\Runtime\Cache\Aunt\072852c31f3ff3a22e220cffaab99bf4.php 第 68 行.
NOTIC: [8] Use of undefined constant city - assumed 'city' E:\www\nanny\App_WX\Runtime\Cache\Aunt\072852c31f3ff3a22e220cffaab99bf4.php 第 69 行.
NOTIC: [8] Use of undefined constant city - assumed 'city' E:\www\nanny\App_WX\Runtime\Cache\Aunt\072852c31f3ff3a22e220cffaab99bf4.php 第 70 行.
NOTIC: [8] Use of undefined constant city - assumed 'city' E:\www\nanny\App_WX\Runtime\Cache\Aunt\072852c31f3ff3a22e220cffaab99bf4.php 第 71 行.
NOTIC: [8] Use of undefined constant city - assumed 'city' E:\www\nanny\App_WX\Runtime\Cache\Aunt\072852c31f3ff3a22e220cffaab99bf4.php 第 72 行.
NOTIC: [8] Use of undefined constant city - assumed 'city' E:\www\nanny\App_WX\Runtime\Cache\Aunt\072852c31f3ff3a22e220cffaab99bf4.php 第 73 行.
NOTIC: [8] Use of undefined constant city - assumed 'city' E:\www\nanny\App_WX\Runtime\Cache\Aunt\072852c31f3ff3a22e220cffaab99bf4.php 第 74 行.
NOTIC: [8] Use of undefined constant city - assumed 'city' E:\www\nanny\App_WX\Runtime\Cache\Aunt\072852c31f3ff3a22e220cffaab99bf4.php 第 75 行.
NOTIC: [8] Use of undefined constant city - assumed 'city' E:\www\nanny\App_WX\Runtime\Cache\Aunt\072852c31f3ff3a22e220cffaab99bf4.php 第 76 行.
NOTIC: [8] Use of undefined constant city - assumed 'city' E:\www\nanny\App_WX\Runtime\Cache\Aunt\072852c31f3ff3a22e220cffaab99bf4.php 第 77 行.
NOTIC: [8] Use of undefined constant city - assumed 'city' E:\www\nanny\App_WX\Runtime\Cache\Aunt\072852c31f3ff3a22e220cffaab99bf4.php 第 78 行.
NOTIC: [8] Use of undefined constant city - assumed 'city' E:\www\nanny\App_WX\Runtime\Cache\Aunt\072852c31f3ff3a22e220cffaab99bf4.php 第 79 行.
NOTIC: [8] Use of undefined constant city - assumed 'city' E:\www\nanny\App_WX\Runtime\Cache\Aunt\072852c31f3ff3a22e220cffaab99bf4.php 第 80 行.
NOTIC: [8] Use of undefined constant city - assumed 'city' E:\www\nanny\App_WX\Runtime\Cache\Aunt\072852c31f3ff3a22e220cffaab99bf4.php 第 81 行.
NOTIC: [8] Use of undefined constant city - assumed 'city' E:\www\nanny\App_WX\Runtime\Cache\Aunt\072852c31f3ff3a22e220cffaab99bf4.php 第 82 行.
NOTIC: [8] Use of undefined constant city - assumed 'city' E:\www\nanny\App_WX\Runtime\Cache\Aunt\072852c31f3ff3a22e220cffaab99bf4.php 第 83 行.
NOTIC: [8] Use of undefined constant city - assumed 'city' E:\www\nanny\App_WX\Runtime\Cache\Aunt\072852c31f3ff3a22e220cffaab99bf4.php 第 84 行.
NOTIC: [8] Use of undefined constant city - assumed 'city' E:\www\nanny\App_WX\Runtime\Cache\Aunt\072852c31f3ff3a22e220cffaab99bf4.php 第 85 行.
NOTIC: [8] Use of undefined constant city - assumed 'city' E:\www\nanny\App_WX\Runtime\Cache\Aunt\072852c31f3ff3a22e220cffaab99bf4.php 第 86 行.
NOTIC: [8] Use of undefined constant city - assumed 'city' E:\www\nanny\App_WX\Runtime\Cache\Aunt\072852c31f3ff3a22e220cffaab99bf4.php 第 87 行.
NOTIC: [8] Use of undefined constant city - assumed 'city' E:\www\nanny\App_WX\Runtime\Cache\Aunt\072852c31f3ff3a22e220cffaab99bf4.php 第 88 行.
NOTIC: [8] Use of undefined constant city - assumed 'city' E:\www\nanny\App_WX\Runtime\Cache\Aunt\072852c31f3ff3a22e220cffaab99bf4.php 第 89 行.
NOTIC: [8] Use of undefined constant city - assumed 'city' E:\www\nanny\App_WX\Runtime\Cache\Aunt\072852c31f3ff3a22e220cffaab99bf4.php 第 90 行.
NOTIC: [8] Use of undefined constant city - assumed 'city' E:\www\nanny\App_WX\Runtime\Cache\Aunt\072852c31f3ff3a22e220cffaab99bf4.php 第 91 行.
NOTIC: [8] Use of undefined constant city - assumed 'city' E:\www\nanny\App_WX\Runtime\Cache\Aunt\072852c31f3ff3a22e220cffaab99bf4.php 第 92 行.
NOTIC: [8] Use of undefined constant city - assumed 'city' E:\www\nanny\App_WX\Runtime\Cache\Aunt\072852c31f3ff3a22e220cffaab99bf4.php 第 93 行.
NOTIC: [8] Use of undefined constant city - assumed 'city' E:\www\nanny\App_WX\Runtime\Cache\Aunt\072852c31f3ff3a22e220cffaab99bf4.php 第 94 行.
INFO: Run Behavior\ParseTemplateBehavior [ RunTime:0.001000s ]
INFO: [ view_parse ] --END-- [ RunTime:0.001000s ]
INFO: [ view_filter ] --START--
INFO: Run Behavior\WriteHtmlCacheBehavior [ RunTime:0.001000s ]
INFO: [ view_filter ] --END-- [ RunTime:0.001000s ]
INFO: [ app_end ] --START--
INFO: Run Behavior\ShowPageTraceBehavior [ RunTime:0.000000s ]
INFO: [ app_end ] --END-- [ RunTime:0.000000s ]

[ 2017-03-04T10:30:54+08:00 ] 127.0.0.1 /index.php/user/user_edit_submit.html
INFO: [ app_init ] --START--
INFO: Run Behavior\BuildLiteBehavior [ RunTime:0.000000s ]
INFO: [ app_init ] --END-- [ RunTime:0.000000s ]
INFO: [ app_begin ] --START--
INFO: Run Behavior\ReadHtmlCacheBehavior [ RunTime:0.001000s ]
INFO: [ app_begin ] --END-- [ RunTime:0.001000s ]

[ 2017-03-04T10:30:59+08:00 ] 127.0.0.1 /index.php/user/chk_user/id/23.html
INFO: [ app_init ] --START--
INFO: Run Behavior\BuildLiteBehavior [ RunTime:0.000000s ]
INFO: [ app_init ] --END-- [ RunTime:0.001000s ]
INFO: [ app_begin ] --START--
INFO: Run Behavior\ReadHtmlCacheBehavior [ RunTime:0.000000s ]
INFO: [ app_begin ] --END-- [ RunTime:0.000000s ]
SQL: SHOW COLUMNS FROM `crm_client` [ RunTime:0.0040s ]
SQL: SELECT * FROM `crm_client` WHERE `id` = 23 LIMIT 1   [ RunTime:0.0000s ]
INFO: [ view_parse ] --START--
INFO: Run Behavior\ParseTemplateBehavior [ RunTime:0.024001s ]
INFO: [ view_parse ] --END-- [ RunTime:0.024001s ]
INFO: [ view_filter ] --START--
INFO: Run Behavior\WriteHtmlCacheBehavior [ RunTime:0.000000s ]
INFO: [ view_filter ] --END-- [ RunTime:0.000000s ]
INFO: [ app_end ] --START--
INFO: Run Behavior\ShowPageTraceBehavior [ RunTime:0.001000s ]
INFO: [ app_end ] --END-- [ RunTime:0.001000s ]

[ 2017-03-04T10:31:03+08:00 ] 127.0.0.1 /index.php/user/user_edit/id/19.html
INFO: [ app_init ] --START--
INFO: Run Behavior\BuildLiteBehavior [ RunTime:0.000000s ]
INFO: [ app_init ] --END-- [ RunTime:0.001000s ]
INFO: [ app_begin ] --START--
INFO: Run Behavior\ReadHtmlCacheBehavior [ RunTime:0.001000s ]
INFO: [ app_begin ] --END-- [ RunTime:0.001000s ]
SQL: SHOW COLUMNS FROM `crm_client` [ RunTime:0.0030s ]
SQL: SELECT * FROM `crm_client` WHERE `id` = 19 LIMIT 1   [ RunTime:0.0000s ]
INFO: [ view_parse ] --START--
NOTIC: [8] Use of undefined constant pic - assumed 'pic' E:\www\nanny\App_WX\Runtime\Cache\Aunt\072852c31f3ff3a22e220cffaab99bf4.php 第 42 行.
NOTIC: [8] Use of undefined constant city - assumed 'city' E:\www\nanny\App_WX\Runtime\Cache\Aunt\072852c31f3ff3a22e220cffaab99bf4.php 第 61 行.
NOTIC: [8] Use of undefined constant city - assumed 'city' E:\www\nanny\App_WX\Runtime\Cache\Aunt\072852c31f3ff3a22e220cffaab99bf4.php 第 62 行.
NOTIC: [8] Use of undefined constant city - assumed 'city' E:\www\nanny\App_WX\Runtime\Cache\Aunt\072852c31f3ff3a22e220cffaab99bf4.php 第 63 行.
NOTIC: [8] Use of undefined constant city - assumed 'city' E:\www\nanny\App_WX\Runtime\Cache\Aunt\072852c31f3ff3a22e220cffaab99bf4.php 第 64 行.
NOTIC: [8] Use of undefined constant city - assumed 'city' E:\www\nanny\App_WX\Runtime\Cache\Aunt\072852c31f3ff3a22e220cffaab99bf4.php 第 65 行.
NOTIC: [8] Use of undefined constant city - assumed 'city' E:\www\nanny\App_WX\Runtime\Cache\Aunt\072852c31f3ff3a22e220cffaab99bf4.php 第 66 行.
NOTIC: [8] Use of undefined constant city - assumed 'city' E:\www\nanny\App_WX\Runtime\Cache\Aunt\072852c31f3ff3a22e220cffaab99bf4.php 第 67 行.
NOTIC: [8] Use of undefined constant city - assumed 'city' E:\www\nanny\App_WX\Runtime\Cache\Aunt\072852c31f3ff3a22e220cffaab99bf4.php 第 68 行.
NOTIC: [8] Use of undefined constant city - assumed 'city' E:\www\nanny\App_WX\Runtime\Cache\Aunt\072852c31f3ff3a22e220cffaab99bf4.php 第 69 行.
NOTIC: [8] Use of undefined constant city - assumed 'city' E:\www\nanny\App_WX\Runtime\Cache\Aunt\072852c31f3ff3a22e220cffaab99bf4.php 第 70 行.
NOTIC: [8] Use of undefined constant city - assumed 'city' E:\www\nanny\App_WX\Runtime\Cache\Aunt\072852c31f3ff3a22e220cffaab99bf4.php 第 71 行.
NOTIC: [8] Use of undefined constant city - assumed 'city' E:\www\nanny\App_WX\Runtime\Cache\Aunt\072852c31f3ff3a22e220cffaab99bf4.php 第 72 行.
NOTIC: [8] Use of undefined constant city - assumed 'city' E:\www\nanny\App_WX\Runtime\Cache\Aunt\072852c31f3ff3a22e220cffaab99bf4.php 第 73 行.
NOTIC: [8] Use of undefined constant city - assumed 'city' E:\www\nanny\App_WX\Runtime\Cache\Aunt\072852c31f3ff3a22e220cffaab99bf4.php 第 74 行.
NOTIC: [8] Use of undefined constant city - assumed 'city' E:\www\nanny\App_WX\Runtime\Cache\Aunt\072852c31f3ff3a22e220cffaab99bf4.php 第 75 行.
NOTIC: [8] Use of undefined constant city - assumed 'city' E:\www\nanny\App_WX\Runtime\Cache\Aunt\072852c31f3ff3a22e220cffaab99bf4.php 第 76 行.
NOTIC: [8] Use of undefined constant city - assumed 'city' E:\www\nanny\App_WX\Runtime\Cache\Aunt\072852c31f3ff3a22e220cffaab99bf4.php 第 77 行.
NOTIC: [8] Use of undefined constant city - assumed 'city' E:\www\nanny\App_WX\Runtime\Cache\Aunt\072852c31f3ff3a22e220cffaab99bf4.php 第 78 行.
NOTIC: [8] Use of undefined constant city - assumed 'city' E:\www\nanny\App_WX\Runtime\Cache\Aunt\072852c31f3ff3a22e220cffaab99bf4.php 第 79 行.
NOTIC: [8] Use of undefined constant city - assumed 'city' E:\www\nanny\App_WX\Runtime\Cache\Aunt\072852c31f3ff3a22e220cffaab99bf4.php 第 80 行.
NOTIC: [8] Use of undefined constant city - assumed 'city' E:\www\nanny\App_WX\Runtime\Cache\Aunt\072852c31f3ff3a22e220cffaab99bf4.php 第 81 行.
NOTIC: [8] Use of undefined constant city - assumed 'city' E:\www\nanny\App_WX\Runtime\Cache\Aunt\072852c31f3ff3a22e220cffaab99bf4.php 第 82 行.
NOTIC: [8] Use of undefined constant city - assumed 'city' E:\www\nanny\App_WX\Runtime\Cache\Aunt\072852c31f3ff3a22e220cffaab99bf4.php 第 83 行.
NOTIC: [8] Use of undefined constant city - assumed 'city' E:\www\nanny\App_WX\Runtime\Cache\Aunt\072852c31f3ff3a22e220cffaab99bf4.php 第 84 行.
NOTIC: [8] Use of undefined constant city - assumed 'city' E:\www\nanny\App_WX\Runtime\Cache\Aunt\072852c31f3ff3a22e220cffaab99bf4.php 第 85 行.
NOTIC: [8] Use of undefined constant city - assumed 'city' E:\www\nanny\App_WX\Runtime\Cache\Aunt\072852c31f3ff3a22e220cffaab99bf4.php 第 86 行.
NOTIC: [8] Use of undefined constant city - assumed 'city' E:\www\nanny\App_WX\Runtime\Cache\Aunt\072852c31f3ff3a22e220cffaab99bf4.php 第 87 行.
NOTIC: [8] Use of undefined constant city - assumed 'city' E:\www\nanny\App_WX\Runtime\Cache\Aunt\072852c31f3ff3a22e220cffaab99bf4.php 第 88 行.
NOTIC: [8] Use of undefined constant city - assumed 'city' E:\www\nanny\App_WX\Runtime\Cache\Aunt\072852c31f3ff3a22e220cffaab99bf4.php 第 89 行.
NOTIC: [8] Use of undefined constant city - assumed 'city' E:\www\nanny\App_WX\Runtime\Cache\Aunt\072852c31f3ff3a22e220cffaab99bf4.php 第 90 行.
NOTIC: [8] Use of undefined constant city - assumed 'city' E:\www\nanny\App_WX\Runtime\Cache\Aunt\072852c31f3ff3a22e220cffaab99bf4.php 第 91 行.
NOTIC: [8] Use of undefined constant city - assumed 'city' E:\www\nanny\App_WX\Runtime\Cache\Aunt\072852c31f3ff3a22e220cffaab99bf4.php 第 92 行.
NOTIC: [8] Use of undefined constant city - assumed 'city' E:\www\nanny\App_WX\Runtime\Cache\Aunt\072852c31f3ff3a22e220cffaab99bf4.php 第 93 行.
NOTIC: [8] Use of undefined constant city - assumed 'city' E:\www\nanny\App_WX\Runtime\Cache\Aunt\072852c31f3ff3a22e220cffaab99bf4.php 第 94 行.
INFO: Run Behavior\ParseTemplateBehavior [ RunTime:0.001000s ]
INFO: [ view_parse ] --END-- [ RunTime:0.001000s ]
INFO: [ view_filter ] --START--
INFO: Run Behavior\WriteHtmlCacheBehavior [ RunTime:0.001000s ]
INFO: [ view_filter ] --END-- [ RunTime:0.001000s ]
INFO: [ app_end ] --START--
INFO: Run Behavior\ShowPageTraceBehavior [ RunTime:0.000000s ]
INFO: [ app_end ] --END-- [ RunTime:0.000000s ]

[ 2017-03-04T10:31:07+08:00 ] 127.0.0.1 /index.php/user/user_edit/id/18.html
INFO: [ app_init ] --START--
INFO: Run Behavior\BuildLiteBehavior [ RunTime:0.000000s ]
INFO: [ app_init ] --END-- [ RunTime:0.001000s ]
INFO: [ app_begin ] --START--
INFO: Run Behavior\ReadHtmlCacheBehavior [ RunTime:0.001000s ]
INFO: [ app_begin ] --END-- [ RunTime:0.001000s ]
SQL: SHOW COLUMNS FROM `crm_client` [ RunTime:0.0030s ]
SQL: SELECT * FROM `crm_client` WHERE `id` = 18 LIMIT 1   [ RunTime:0.0010s ]
INFO: [ view_parse ] --START--
NOTIC: [8] Use of undefined constant pic - assumed 'pic' E:\www\nanny\App_WX\Runtime\Cache\Aunt\072852c31f3ff3a22e220cffaab99bf4.php 第 42 行.
NOTIC: [8] Use of undefined constant city - assumed 'city' E:\www\nanny\App_WX\Runtime\Cache\Aunt\072852c31f3ff3a22e220cffaab99bf4.php 第 61 行.
NOTIC: [8] Use of undefined constant city - assumed 'city' E:\www\nanny\App_WX\Runtime\Cache\Aunt\072852c31f3ff3a22e220cffaab99bf4.php 第 62 行.
NOTIC: [8] Use of undefined constant city - assumed 'city' E:\www\nanny\App_WX\Runtime\Cache\Aunt\072852c31f3ff3a22e220cffaab99bf4.php 第 63 行.
NOTIC: [8] Use of undefined constant city - assumed 'city' E:\www\nanny\App_WX\Runtime\Cache\Aunt\072852c31f3ff3a22e220cffaab99bf4.php 第 64 行.
NOTIC: [8] Use of undefined constant city - assumed 'city' E:\www\nanny\App_WX\Runtime\Cache\Aunt\072852c31f3ff3a22e220cffaab99bf4.php 第 65 行.
NOTIC: [8] Use of undefined constant city - assumed 'city' E:\www\nanny\App_WX\Runtime\Cache\Aunt\072852c31f3ff3a22e220cffaab99bf4.php 第 66 行.
NOTIC: [8] Use of undefined constant city - assumed 'city' E:\www\nanny\App_WX\Runtime\Cache\Aunt\072852c31f3ff3a22e220cffaab99bf4.php 第 67 行.
NOTIC: [8] Use of undefined constant city - assumed 'city' E:\www\nanny\App_WX\Runtime\Cache\Aunt\072852c31f3ff3a22e220cffaab99bf4.php 第 68 行.
NOTIC: [8] Use of undefined constant city - assumed 'city' E:\www\nanny\App_WX\Runtime\Cache\Aunt\072852c31f3ff3a22e220cffaab99bf4.php 第 69 行.
NOTIC: [8] Use of undefined constant city - assumed 'city' E:\www\nanny\App_WX\Runtime\Cache\Aunt\072852c31f3ff3a22e220cffaab99bf4.php 第 70 行.
NOTIC: [8] Use of undefined constant city - assumed 'city' E:\www\nanny\App_WX\Runtime\Cache\Aunt\072852c31f3ff3a22e220cffaab99bf4.php 第 71 行.
NOTIC: [8] Use of undefined constant city - assumed 'city' E:\www\nanny\App_WX\Runtime\Cache\Aunt\072852c31f3ff3a22e220cffaab99bf4.php 第 72 行.
NOTIC: [8] Use of undefined constant city - assumed 'city' E:\www\nanny\App_WX\Runtime\Cache\Aunt\072852c31f3ff3a22e220cffaab99bf4.php 第 73 行.
NOTIC: [8] Use of undefined constant city - assumed 'city' E:\www\nanny\App_WX\Runtime\Cache\Aunt\072852c31f3ff3a22e220cffaab99bf4.php 第 74 行.
NOTIC: [8] Use of undefined constant city - assumed 'city' E:\www\nanny\App_WX\Runtime\Cache\Aunt\072852c31f3ff3a22e220cffaab99bf4.php 第 75 行.
NOTIC: [8] Use of undefined constant city - assumed 'city' E:\www\nanny\App_WX\Runtime\Cache\Aunt\072852c31f3ff3a22e220cffaab99bf4.php 第 76 行.
NOTIC: [8] Use of undefined constant city - assumed 'city' E:\www\nanny\App_WX\Runtime\Cache\Aunt\072852c31f3ff3a22e220cffaab99bf4.php 第 77 行.
NOTIC: [8] Use of undefined constant city - assumed 'city' E:\www\nanny\App_WX\Runtime\Cache\Aunt\072852c31f3ff3a22e220cffaab99bf4.php 第 78 行.
NOTIC: [8] Use of undefined constant city - assumed 'city' E:\www\nanny\App_WX\Runtime\Cache\Aunt\072852c31f3ff3a22e220cffaab99bf4.php 第 79 行.
NOTIC: [8] Use of undefined constant city - assumed 'city' E:\www\nanny\App_WX\Runtime\Cache\Aunt\072852c31f3ff3a22e220cffaab99bf4.php 第 80 行.
NOTIC: [8] Use of undefined constant city - assumed 'city' E:\www\nanny\App_WX\Runtime\Cache\Aunt\072852c31f3ff3a22e220cffaab99bf4.php 第 81 行.
NOTIC: [8] Use of undefined constant city - assumed 'city' E:\www\nanny\App_WX\Runtime\Cache\Aunt\072852c31f3ff3a22e220cffaab99bf4.php 第 82 行.
NOTIC: [8] Use of undefined constant city - assumed 'city' E:\www\nanny\App_WX\Runtime\Cache\Aunt\072852c31f3ff3a22e220cffaab99bf4.php 第 83 行.
NOTIC: [8] Use of undefined constant city - assumed 'city' E:\www\nanny\App_WX\Runtime\Cache\Aunt\072852c31f3ff3a22e220cffaab99bf4.php 第 84 行.
NOTIC: [8] Use of undefined constant city - assumed 'city' E:\www\nanny\App_WX\Runtime\Cache\Aunt\072852c31f3ff3a22e220cffaab99bf4.php 第 85 行.
NOTIC: [8] Use of undefined constant city - assumed 'city' E:\www\nanny\App_WX\Runtime\Cache\Aunt\072852c31f3ff3a22e220cffaab99bf4.php 第 86 行.
NOTIC: [8] Use of undefined constant city - assumed 'city' E:\www\nanny\App_WX\Runtime\Cache\Aunt\072852c31f3ff3a22e220cffaab99bf4.php 第 87 行.
NOTIC: [8] Use of undefined constant city - assumed 'city' E:\www\nanny\App_WX\Runtime\Cache\Aunt\072852c31f3ff3a22e220cffaab99bf4.php 第 88 行.
NOTIC: [8] Use of undefined constant city - assumed 'city' E:\www\nanny\App_WX\Runtime\Cache\Aunt\072852c31f3ff3a22e220cffaab99bf4.php 第 89 行.
NOTIC: [8] Use of undefined constant city - assumed 'city' E:\www\nanny\App_WX\Runtime\Cache\Aunt\072852c31f3ff3a22e220cffaab99bf4.php 第 90 行.
NOTIC: [8] Use of undefined constant city - assumed 'city' E:\www\nanny\App_WX\Runtime\Cache\Aunt\072852c31f3ff3a22e220cffaab99bf4.php 第 91 行.
NOTIC: [8] Use of undefined constant city - assumed 'city' E:\www\nanny\App_WX\Runtime\Cache\Aunt\072852c31f3ff3a22e220cffaab99bf4.php 第 92 行.
NOTIC: [8] Use of undefined constant city - assumed 'city' E:\www\nanny\App_WX\Runtime\Cache\Aunt\072852c31f3ff3a22e220cffaab99bf4.php 第 93 行.
NOTIC: [8] Use of undefined constant city - assumed 'city' E:\www\nanny\App_WX\Runtime\Cache\Aunt\072852c31f3ff3a22e220cffaab99bf4.php 第 94 行.
INFO: Run Behavior\ParseTemplateBehavior [ RunTime:0.001000s ]
INFO: [ view_parse ] --END-- [ RunTime:0.001000s ]
INFO: [ view_filter ] --START--
INFO: Run Behavior\WriteHtmlCacheBehavior [ RunTime:0.000000s ]
INFO: [ view_filter ] --END-- [ RunTime:0.000000s ]
INFO: [ app_end ] --START--
INFO: Run Behavior\ShowPageTraceBehavior [ RunTime:0.001000s ]
INFO: [ app_end ] --END-- [ RunTime:0.001000s ]

[ 2017-03-04T10:31:20+08:00 ] 127.0.0.1 /index.php/user/aunt_list.html
INFO: [ app_init ] --START--
INFO: Run Behavior\BuildLiteBehavior [ RunTime:0.000000s ]
INFO: [ app_init ] --END-- [ RunTime:0.001000s ]
INFO: [ app_begin ] --START--
INFO: Run Behavior\ReadHtmlCacheBehavior [ RunTime:0.000000s ]
INFO: [ app_begin ] --END-- [ RunTime:0.000000s ]
SQL: SHOW COLUMNS FROM `crm_client` [ RunTime:0.0070s ]
SQL: SELECT * FROM `crm_client` WHERE `status` = 1 ORDER BY createtime desc LIMIT 0,10   [ RunTime:0.0010s ]
SQL: SELECT COUNT(*) AS tp_count FROM `crm_client` WHERE `status` = 1 LIMIT 1   [ RunTime:0.0000s ]
INFO: [ view_parse ] --START--
INFO: Run Behavior\ParseTemplateBehavior [ RunTime:0.001000s ]
INFO: [ view_parse ] --END-- [ RunTime:0.001000s ]
INFO: [ view_filter ] --START--
INFO: Run Behavior\WriteHtmlCacheBehavior [ RunTime:0.000000s ]
INFO: [ view_filter ] --END-- [ RunTime:0.000000s ]
INFO: [ app_end ] --START--
INFO: Run Behavior\ShowPageTraceBehavior [ RunTime:0.000000s ]
INFO: [ app_end ] --END-- [ RunTime:0.000000s ]

[ 2017-03-04T10:31:22+08:00 ] 127.0.0.1 /index.php/user/build_qrcode.html
INFO: [ app_init ] --START--
INFO: Run Behavior\BuildLiteBehavior [ RunTime:0.000000s ]
INFO: [ app_init ] --END-- [ RunTime:0.001000s ]
INFO: [ app_begin ] --START--
INFO: Run Behavior\ReadHtmlCacheBehavior [ RunTime:0.001000s ]
INFO: [ app_begin ] --END-- [ RunTime:0.001000s ]
NOTIC: [2] imagepng(Uploads/qrcode/20170304.png): failed to open stream: No such file or directory E:\www\nanny\App_WX\Aunt\Vendor\QRCode\qrcode.php 第 954 行.
INFO: [ view_parse ] --START--
NOTIC: [8] Undefined variable: txt E:\www\nanny\App_WX\Runtime\Cache\Aunt\70050a211ded70fd2f32e540c07f79c9.php 第 9 行.
INFO: Run Behavior\ParseTemplateBehavior [ RunTime:0.016001s ]
INFO: [ view_parse ] --END-- [ RunTime:0.016001s ]
INFO: [ view_filter ] --START--
INFO: Run Behavior\WriteHtmlCacheBehavior [ RunTime:0.001000s ]
INFO: [ view_filter ] --END-- [ RunTime:0.001000s ]
INFO: [ app_end ] --START--
INFO: Run Behavior\ShowPageTraceBehavior [ RunTime:0.001000s ]
INFO: [ app_end ] --END-- [ RunTime:0.001000s ]

[ 2017-03-04T10:31:24+08:00 ] 127.0.0.1 /index.php/user/again_qrcode.html
INFO: [ app_init ] --START--
INFO: Run Behavior\BuildLiteBehavior [ RunTime:0.000000s ]
INFO: [ app_init ] --END-- [ RunTime:0.000000s ]
INFO: [ app_begin ] --START--
INFO: Run Behavior\ReadHtmlCacheBehavior [ RunTime:0.000000s ]
INFO: [ app_begin ] --END-- [ RunTime:0.000000s ]
NOTIC: [2] imagepng(Uploads/qrcode/20170304.png): failed to open stream: No such file or directory E:\www\nanny\App_WX\Aunt\Vendor\QRCode\qrcode.php 第 954 行.

[ 2017-03-04T10:31:24+08:00 ] 127.0.0.1 /index.php/user/build_qrcode.html
INFO: [ app_init ] --START--
INFO: Run Behavior\BuildLiteBehavior [ RunTime:0.000000s ]
INFO: [ app_init ] --END-- [ RunTime:0.000000s ]
INFO: [ app_begin ] --START--
INFO: Run Behavior\ReadHtmlCacheBehavior [ RunTime:0.000000s ]
INFO: [ app_begin ] --END-- [ RunTime:0.000000s ]
NOTIC: [2] imagepng(Uploads/qrcode/20170304.png): failed to open stream: No such file or directory E:\www\nanny\App_WX\Aunt\Vendor\QRCode\qrcode.php 第 954 行.
INFO: [ view_parse ] --START--
NOTIC: [8] Undefined variable: txt E:\www\nanny\App_WX\Runtime\Cache\Aunt\70050a211ded70fd2f32e540c07f79c9.php 第 9 行.
INFO: Run Behavior\ParseTemplateBehavior [ RunTime:0.001000s ]
INFO: [ view_parse ] --END-- [ RunTime:0.001000s ]
INFO: [ view_filter ] --START--
INFO: Run Behavior\WriteHtmlCacheBehavior [ RunTime:0.000000s ]
INFO: [ view_filter ] --END-- [ RunTime:0.000000s ]
INFO: [ app_end ] --START--
INFO: Run Behavior\ShowPageTraceBehavior [ RunTime:0.000000s ]
INFO: [ app_end ] --END-- [ RunTime:0.000000s ]

[ 2017-03-04T10:31:28+08:00 ] 127.0.0.1 /index.php/user/aunt_list.html
INFO: [ app_init ] --START--
INFO: Run Behavior\BuildLiteBehavior [ RunTime:0.000000s ]
INFO: [ app_init ] --END-- [ RunTime:0.001000s ]
INFO: [ app_begin ] --START--
INFO: Run Behavior\ReadHtmlCacheBehavior [ RunTime:0.000000s ]
INFO: [ app_begin ] --END-- [ RunTime:0.000000s ]
SQL: SHOW COLUMNS FROM `crm_client` [ RunTime:0.0040s ]
SQL: SELECT * FROM `crm_client` WHERE `status` = 1 ORDER BY createtime desc LIMIT 0,10   [ RunTime:0.0010s ]
SQL: SELECT COUNT(*) AS tp_count FROM `crm_client` WHERE `status` = 1 LIMIT 1   [ RunTime:0.0000s ]
INFO: [ view_parse ] --START--
INFO: Run Behavior\ParseTemplateBehavior [ RunTime:0.001000s ]
INFO: [ view_parse ] --END-- [ RunTime:0.001000s ]
INFO: [ view_filter ] --START--
INFO: Run Behavior\WriteHtmlCacheBehavior [ RunTime:0.000000s ]
INFO: [ view_filter ] --END-- [ RunTime:0.000000s ]
INFO: [ app_end ] --START--
INFO: Run Behavior\ShowPageTraceBehavior [ RunTime:0.000000s ]
INFO: [ app_end ] --END-- [ RunTime:0.000000s ]

[ 2017-03-04T10:31:31+08:00 ] 127.0.0.1 /index.php/user/user_edit/id/20.html
INFO: [ app_init ] --START--
INFO: Run Behavior\BuildLiteBehavior [ RunTime:0.000000s ]
INFO: [ app_init ] --END-- [ RunTime:0.000000s ]
INFO: [ app_begin ] --START--
INFO: Run Behavior\ReadHtmlCacheBehavior [ RunTime:0.000000s ]
INFO: [ app_begin ] --END-- [ RunTime:0.000000s ]
SQL: SHOW COLUMNS FROM `crm_client` [ RunTime:0.0030s ]
SQL: SELECT * FROM `crm_client` WHERE `id` = 20 LIMIT 1   [ RunTime:0.0010s ]
INFO: [ view_parse ] --START--
NOTIC: [8] Use of undefined constant pic - assumed 'pic' E:\www\nanny\App_WX\Runtime\Cache\Aunt\072852c31f3ff3a22e220cffaab99bf4.php 第 42 行.
NOTIC: [8] Use of undefined constant city - assumed 'city' E:\www\nanny\App_WX\Runtime\Cache\Aunt\072852c31f3ff3a22e220cffaab99bf4.php 第 61 行.
NOTIC: [8] Use of undefined constant city - assumed 'city' E:\www\nanny\App_WX\Runtime\Cache\Aunt\072852c31f3ff3a22e220cffaab99bf4.php 第 62 行.
NOTIC: [8] Use of undefined constant city - assumed 'city' E:\www\nanny\App_WX\Runtime\Cache\Aunt\072852c31f3ff3a22e220cffaab99bf4.php 第 63 行.
NOTIC: [8] Use of undefined constant city - assumed 'city' E:\www\nanny\App_WX\Runtime\Cache\Aunt\072852c31f3ff3a22e220cffaab99bf4.php 第 64 行.
NOTIC: [8] Use of undefined constant city - assumed 'city' E:\www\nanny\App_WX\Runtime\Cache\Aunt\072852c31f3ff3a22e220cffaab99bf4.php 第 65 行.
NOTIC: [8] Use of undefined constant city - assumed 'city' E:\www\nanny\App_WX\Runtime\Cache\Aunt\072852c31f3ff3a22e220cffaab99bf4.php 第 66 行.
NOTIC: [8] Use of undefined constant city - assumed 'city' E:\www\nanny\App_WX\Runtime\Cache\Aunt\072852c31f3ff3a22e220cffaab99bf4.php 第 67 行.
NOTIC: [8] Use of undefined constant city - assumed 'city' E:\www\nanny\App_WX\Runtime\Cache\Aunt\072852c31f3ff3a22e220cffaab99bf4.php 第 68 行.
NOTIC: [8] Use of undefined constant city - assumed 'city' E:\www\nanny\App_WX\Runtime\Cache\Aunt\072852c31f3ff3a22e220cffaab99bf4.php 第 69 行.
NOTIC: [8] Use of undefined constant city - assumed 'city' E:\www\nanny\App_WX\Runtime\Cache\Aunt\072852c31f3ff3a22e220cffaab99bf4.php 第 70 行.
NOTIC: [8] Use of undefined constant city - assumed 'city' E:\www\nanny\App_WX\Runtime\Cache\Aunt\072852c31f3ff3a22e220cffaab99bf4.php 第 71 行.
NOTIC: [8] Use of undefined constant city - assumed 'city' E:\www\nanny\App_WX\Runtime\Cache\Aunt\072852c31f3ff3a22e220cffaab99bf4.php 第 72 行.
NOTIC: [8] Use of undefined constant city - assumed 'city' E:\www\nanny\App_WX\Runtime\Cache\Aunt\072852c31f3ff3a22e220cffaab99bf4.php 第 73 行.
NOTIC: [8] Use of undefined constant city - assumed 'city' E:\www\nanny\App_WX\Runtime\Cache\Aunt\072852c31f3ff3a22e220cffaab99bf4.php 第 74 行.
NOTIC: [8] Use of undefined constant city - assumed 'city' E:\www\nanny\App_WX\Runtime\Cache\Aunt\072852c31f3ff3a22e220cffaab99bf4.php 第 75 行.
NOTIC: [8] Use of undefined constant city - assumed 'city' E:\www\nanny\App_WX\Runtime\Cache\Aunt\072852c31f3ff3a22e220cffaab99bf4.php 第 76 行.
NOTIC: [8] Use of undefined constant city - assumed 'city' E:\www\nanny\App_WX\Runtime\Cache\Aunt\072852c31f3ff3a22e220cffaab99bf4.php 第 77 行.
NOTIC: [8] Use of undefined constant city - assumed 'city' E:\www\nanny\App_WX\Runtime\Cache\Aunt\072852c31f3ff3a22e220cffaab99bf4.php 第 78 行.
NOTIC: [8] Use of undefined constant city - assumed 'city' E:\www\nanny\App_WX\Runtime\Cache\Aunt\072852c31f3ff3a22e220cffaab99bf4.php 第 79 行.
NOTIC: [8] Use of undefined constant city - assumed 'city' E:\www\nanny\App_WX\Runtime\Cache\Aunt\072852c31f3ff3a22e220cffaab99bf4.php 第 80 行.
NOTIC: [8] Use of undefined constant city - assumed 'city' E:\www\nanny\App_WX\Runtime\Cache\Aunt\072852c31f3ff3a22e220cffaab99bf4.php 第 81 行.
NOTIC: [8] Use of undefined constant city - assumed 'city' E:\www\nanny\App_WX\Runtime\Cache\Aunt\072852c31f3ff3a22e220cffaab99bf4.php 第 82 行.
NOTIC: [8] Use of undefined constant city - assumed 'city' E:\www\nanny\App_WX\Runtime\Cache\Aunt\072852c31f3ff3a22e220cffaab99bf4.php 第 83 行.
NOTIC: [8] Use of undefined constant city - assumed 'city' E:\www\nanny\App_WX\Runtime\Cache\Aunt\072852c31f3ff3a22e220cffaab99bf4.php 第 84 行.
NOTIC: [8] Use of undefined constant city - assumed 'city' E:\www\nanny\App_WX\Runtime\Cache\Aunt\072852c31f3ff3a22e220cffaab99bf4.php 第 85 行.
NOTIC: [8] Use of undefined constant city - assumed 'city' E:\www\nanny\App_WX\Runtime\Cache\Aunt\072852c31f3ff3a22e220cffaab99bf4.php 第 86 行.
NOTIC: [8] Use of undefined constant city - assumed 'city' E:\www\nanny\App_WX\Runtime\Cache\Aunt\072852c31f3ff3a22e220cffaab99bf4.php 第 87 行.
NOTIC: [8] Use of undefined constant city - assumed 'city' E:\www\nanny\App_WX\Runtime\Cache\Aunt\072852c31f3ff3a22e220cffaab99bf4.php 第 88 行.
NOTIC: [8] Use of undefined constant city - assumed 'city' E:\www\nanny\App_WX\Runtime\Cache\Aunt\072852c31f3ff3a22e220cffaab99bf4.php 第 89 行.
NOTIC: [8] Use of undefined constant city - assumed 'city' E:\www\nanny\App_WX\Runtime\Cache\Aunt\072852c31f3ff3a22e220cffaab99bf4.php 第 90 行.
NOTIC: [8] Use of undefined constant city - assumed 'city' E:\www\nanny\App_WX\Runtime\Cache\Aunt\072852c31f3ff3a22e220cffaab99bf4.php 第 91 行.
NOTIC: [8] Use of undefined constant city - assumed 'city' E:\www\nanny\App_WX\Runtime\Cache\Aunt\072852c31f3ff3a22e220cffaab99bf4.php 第 92 行.
NOTIC: [8] Use of undefined constant city - assumed 'city' E:\www\nanny\App_WX\Runtime\Cache\Aunt\072852c31f3ff3a22e220cffaab99bf4.php 第 93 行.
NOTIC: [8] Use of undefined constant city - assumed 'city' E:\www\nanny\App_WX\Runtime\Cache\Aunt\072852c31f3ff3a22e220cffaab99bf4.php 第 94 行.
INFO: Run Behavior\ParseTemplateBehavior [ RunTime:0.000000s ]
INFO: [ view_parse ] --END-- [ RunTime:0.001000s ]
INFO: [ view_filter ] --START--
INFO: Run Behavior\WriteHtmlCacheBehavior [ RunTime:0.000000s ]
INFO: [ view_filter ] --END-- [ RunTime:0.000000s ]
INFO: [ app_end ] --START--
INFO: Run Behavior\ShowPageTraceBehavior [ RunTime:0.000000s ]
INFO: [ app_end ] --END-- [ RunTime:0.000000s ]

[ 2017-03-04T10:31:39+08:00 ] 127.0.0.1 /index.php/user/user_edit/id/21.html
INFO: [ app_init ] --START--
INFO: Run Behavior\BuildLiteBehavior [ RunTime:0.000000s ]
INFO: [ app_init ] --END-- [ RunTime:0.001000s ]
INFO: [ app_begin ] --START--
INFO: Run Behavior\ReadHtmlCacheBehavior [ RunTime:0.001000s ]
INFO: [ app_begin ] --END-- [ RunTime:0.001000s ]
SQL: SHOW COLUMNS FROM `crm_client` [ RunTime:0.0050s ]
SQL: SELECT * FROM `crm_client` WHERE `id` = 21 LIMIT 1   [ RunTime:0.0010s ]
INFO: [ view_parse ] --START--
NOTIC: [8] Use of undefined constant pic - assumed 'pic' E:\www\nanny\App_WX\Runtime\Cache\Aunt\072852c31f3ff3a22e220cffaab99bf4.php 第 42 行.
NOTIC: [8] Use of undefined constant city - assumed 'city' E:\www\nanny\App_WX\Runtime\Cache\Aunt\072852c31f3ff3a22e220cffaab99bf4.php 第 61 行.
NOTIC: [8] Use of undefined constant city - assumed 'city' E:\www\nanny\App_WX\Runtime\Cache\Aunt\072852c31f3ff3a22e220cffaab99bf4.php 第 62 行.
NOTIC: [8] Use of undefined constant city - assumed 'city' E:\www\nanny\App_WX\Runtime\Cache\Aunt\072852c31f3ff3a22e220cffaab99bf4.php 第 63 行.
NOTIC: [8] Use of undefined constant city - assumed 'city' E:\www\nanny\App_WX\Runtime\Cache\Aunt\072852c31f3ff3a22e220cffaab99bf4.php 第 64 行.
NOTIC: [8] Use of undefined constant city - assumed 'city' E:\www\nanny\App_WX\Runtime\Cache\Aunt\072852c31f3ff3a22e220cffaab99bf4.php 第 65 行.
NOTIC: [8] Use of undefined constant city - assumed 'city' E:\www\nanny\App_WX\Runtime\Cache\Aunt\072852c31f3ff3a22e220cffaab99bf4.php 第 66 行.
NOTIC: [8] Use of undefined constant city - assumed 'city' E:\www\nanny\App_WX\Runtime\Cache\Aunt\072852c31f3ff3a22e220cffaab99bf4.php 第 67 行.
NOTIC: [8] Use of undefined constant city - assumed 'city' E:\www\nanny\App_WX\Runtime\Cache\Aunt\072852c31f3ff3a22e220cffaab99bf4.php 第 68 行.
NOTIC: [8] Use of undefined constant city - assumed 'city' E:\www\nanny\App_WX\Runtime\Cache\Aunt\072852c31f3ff3a22e220cffaab99bf4.php 第 69 行.
NOTIC: [8] Use of undefined constant city - assumed 'city' E:\www\nanny\App_WX\Runtime\Cache\Aunt\072852c31f3ff3a22e220cffaab99bf4.php 第 70 行.
NOTIC: [8] Use of undefined constant city - assumed 'city' E:\www\nanny\App_WX\Runtime\Cache\Aunt\072852c31f3ff3a22e220cffaab99bf4.php 第 71 行.
NOTIC: [8] Use of undefined constant city - assumed 'city' E:\www\nanny\App_WX\Runtime\Cache\Aunt\072852c31f3ff3a22e220cffaab99bf4.php 第 72 行.
NOTIC: [8] Use of undefined constant city - assumed 'city' E:\www\nanny\App_WX\Runtime\Cache\Aunt\072852c31f3ff3a22e220cffaab99bf4.php 第 73 行.
NOTIC: [8] Use of undefined constant city - assumed 'city' E:\www\nanny\App_WX\Runtime\Cache\Aunt\072852c31f3ff3a22e220cffaab99bf4.php 第 74 行.
NOTIC: [8] Use of undefined constant city - assumed 'city' E:\www\nanny\App_WX\Runtime\Cache\Aunt\072852c31f3ff3a22e220cffaab99bf4.php 第 75 行.
NOTIC: [8] Use of undefined constant city - assumed 'city' E:\www\nanny\App_WX\Runtime\Cache\Aunt\072852c31f3ff3a22e220cffaab99bf4.php 第 76 行.
NOTIC: [8] Use of undefined constant city - assumed 'city' E:\www\nanny\App_WX\Runtime\Cache\Aunt\072852c31f3ff3a22e220cffaab99bf4.php 第 77 行.
NOTIC: [8] Use of undefined constant city - assumed 'city' E:\www\nanny\App_WX\Runtime\Cache\Aunt\072852c31f3ff3a22e220cffaab99bf4.php 第 78 行.
NOTIC: [8] Use of undefined constant city - assumed 'city' E:\www\nanny\App_WX\Runtime\Cache\Aunt\072852c31f3ff3a22e220cffaab99bf4.php 第 79 行.
NOTIC: [8] Use of undefined constant city - assumed 'city' E:\www\nanny\App_WX\Runtime\Cache\Aunt\072852c31f3ff3a22e220cffaab99bf4.php 第 80 行.
NOTIC: [8] Use of undefined constant city - assumed 'city' E:\www\nanny\App_WX\Runtime\Cache\Aunt\072852c31f3ff3a22e220cffaab99bf4.php 第 81 行.
NOTIC: [8] Use of undefined constant city - assumed 'city' E:\www\nanny\App_WX\Runtime\Cache\Aunt\072852c31f3ff3a22e220cffaab99bf4.php 第 82 行.
NOTIC: [8] Use of undefined constant city - assumed 'city' E:\www\nanny\App_WX\Runtime\Cache\Aunt\072852c31f3ff3a22e220cffaab99bf4.php 第 83 行.
NOTIC: [8] Use of undefined constant city - assumed 'city' E:\www\nanny\App_WX\Runtime\Cache\Aunt\072852c31f3ff3a22e220cffaab99bf4.php 第 84 行.
NOTIC: [8] Use of undefined constant city - assumed 'city' E:\www\nanny\App_WX\Runtime\Cache\Aunt\072852c31f3ff3a22e220cffaab99bf4.php 第 85 行.
NOTIC: [8] Use of undefined constant city - assumed 'city' E:\www\nanny\App_WX\Runtime\Cache\Aunt\072852c31f3ff3a22e220cffaab99bf4.php 第 86 行.
NOTIC: [8] Use of undefined constant city - assumed 'city' E:\www\nanny\App_WX\Runtime\Cache\Aunt\072852c31f3ff3a22e220cffaab99bf4.php 第 87 行.
NOTIC: [8] Use of undefined constant city - assumed 'city' E:\www\nanny\App_WX\Runtime\Cache\Aunt\072852c31f3ff3a22e220cffaab99bf4.php 第 88 行.
NOTIC: [8] Use of undefined constant city - assumed 'city' E:\www\nanny\App_WX\Runtime\Cache\Aunt\072852c31f3ff3a22e220cffaab99bf4.php 第 89 行.
NOTIC: [8] Use of undefined constant city - assumed 'city' E:\www\nanny\App_WX\Runtime\Cache\Aunt\072852c31f3ff3a22e220cffaab99bf4.php 第 90 行.
NOTIC: [8] Use of undefined constant city - assumed 'city' E:\www\nanny\App_WX\Runtime\Cache\Aunt\072852c31f3ff3a22e220cffaab99bf4.php 第 91 行.
NOTIC: [8] Use of undefined constant city - assumed 'city' E:\www\nanny\App_WX\Runtime\Cache\Aunt\072852c31f3ff3a22e220cffaab99bf4.php 第 92 行.
NOTIC: [8] Use of undefined constant city - assumed 'city' E:\www\nanny\App_WX\Runtime\Cache\Aunt\072852c31f3ff3a22e220cffaab99bf4.php 第 93 行.
NOTIC: [8] Use of undefined constant city - assumed 'city' E:\www\nanny\App_WX\Runtime\Cache\Aunt\072852c31f3ff3a22e220cffaab99bf4.php 第 94 行.
INFO: Run Behavior\ParseTemplateBehavior [ RunTime:0.001000s ]
INFO: [ view_parse ] --END-- [ RunTime:0.001000s ]
INFO: [ view_filter ] --START--
INFO: Run Behavior\WriteHtmlCacheBehavior [ RunTime:0.001000s ]
INFO: [ view_filter ] --END-- [ RunTime:0.001000s ]
INFO: [ app_end ] --START--
INFO: Run Behavior\ShowPageTraceBehavior [ RunTime:0.000000s ]
INFO: [ app_end ] --END-- [ RunTime:0.000000s ]

[ 2017-03-04T10:32:36+08:00 ] 127.0.0.1 /index.php/user/again_qrcode.html
INFO: [ app_init ] --START--
INFO: Run Behavior\BuildLiteBehavior [ RunTime:0.000000s ]
INFO: [ app_init ] --END-- [ RunTime:0.000000s ]
INFO: [ app_begin ] --START--
INFO: Run Behavior\ReadHtmlCacheBehavior [ RunTime:0.015600s ]
INFO: [ app_begin ] --END-- [ RunTime:0.015600s ]
NOTIC: [2] imagepng(Uploads/qrcode/20170304.png): failed to open stream: No such file or directory E:\www\nanny\App_WX\Aunt\Vendor\QRCode\qrcode.php 第 954 行.

[ 2017-03-04T10:32:36+08:00 ] 127.0.0.1 /index.php/user/build_qrcode.html
INFO: [ app_init ] --START--
INFO: Run Behavior\BuildLiteBehavior [ RunTime:0.000000s ]
INFO: [ app_init ] --END-- [ RunTime:0.000000s ]
INFO: [ app_begin ] --START--
INFO: Run Behavior\ReadHtmlCacheBehavior [ RunTime:0.015600s ]
INFO: [ app_begin ] --END-- [ RunTime:0.015600s ]
NOTIC: [2] imagepng(Uploads/qrcode/20170304.png): failed to open stream: No such file or directory E:\www\nanny\App_WX\Aunt\Vendor\QRCode\qrcode.php 第 954 行.
INFO: [ view_parse ] --START--
NOTIC: [8] Undefined variable: txt E:\www\nanny\App_WX\Runtime\Cache\Aunt\70050a211ded70fd2f32e540c07f79c9.php 第 9 行.
INFO: Run Behavior\ParseTemplateBehavior [ RunTime:0.001000s ]
INFO: [ view_parse ] --END-- [ RunTime:0.001000s ]
INFO: [ view_filter ] --START--
INFO: Run Behavior\WriteHtmlCacheBehavior [ RunTime:0.000000s ]
INFO: [ view_filter ] --END-- [ RunTime:0.000000s ]
INFO: [ app_end ] --START--
INFO: Run Behavior\ShowPageTraceBehavior [ RunTime:0.000000s ]
INFO: [ app_end ] --END-- [ RunTime:0.000000s ]

[ 2017-03-04T10:33:44+08:00 ] 127.0.0.1 /index.php/index/picture-list.html
ERR: >>>>> 错误信息：非法操作:picture-list
[ 2017-03-04T10:33:44+08:00 ] 127.0.0.1 /index.php/index/picture-list.html
ERR: >>>>> 错误位置：E:\www\nanny\ThinkPHP\Library\Think\Controller.class.php 行：177
[ 2017-03-04T10:33:44+08:00 ] 127.0.0.1 /index.php/index/picture-list.html
INFO: [ app_init ] --START--
INFO: Run Behavior\BuildLiteBehavior [ RunTime:0.000000s ]
INFO: [ app_init ] --END-- [ RunTime:0.000000s ]
INFO: [ app_begin ] --START--
INFO: Run Behavior\ReadHtmlCacheBehavior [ RunTime:0.000000s ]
INFO: [ app_begin ] --END-- [ RunTime:0.000000s ]
ERR: 非法操作:picture-list

[ 2017-03-04T10:33:50+08:00 ] 127.0.0.1 /index.php/User/aunt_list/p/2.html
INFO: [ app_init ] --START--
INFO: Run Behavior\BuildLiteBehavior [ RunTime:0.000000s ]
INFO: [ app_init ] --END-- [ RunTime:0.001000s ]
INFO: [ app_begin ] --START--
INFO: Run Behavior\ReadHtmlCacheBehavior [ RunTime:0.002000s ]
INFO: [ app_begin ] --END-- [ RunTime:0.002000s ]
SQL: SHOW COLUMNS FROM `crm_client` [ RunTime:0.0070s ]
SQL: SELECT * FROM `crm_client` WHERE `status` = 1 ORDER BY createtime desc LIMIT 10,10   [ RunTime:0.0010s ]
SQL: SELECT COUNT(*) AS tp_count FROM `crm_client` WHERE `status` = 1 LIMIT 1   [ RunTime:0.0010s ]
INFO: [ view_parse ] --START--
INFO: Run Behavior\ParseTemplateBehavior [ RunTime:0.002000s ]
INFO: [ view_parse ] --END-- [ RunTime:0.002000s ]
INFO: [ view_filter ] --START--
INFO: Run Behavior\WriteHtmlCacheBehavior [ RunTime:0.000000s ]
INFO: [ view_filter ] --END-- [ RunTime:0.001000s ]
INFO: [ app_end ] --START--
INFO: Run Behavior\ShowPageTraceBehavior [ RunTime:0.000000s ]
INFO: [ app_end ] --END-- [ RunTime:0.000000s ]

[ 2017-03-04T10:33:53+08:00 ] 127.0.0.1 /index.php/User/aunt_list/p/3.html
INFO: [ app_init ] --START--
INFO: Run Behavior\BuildLiteBehavior [ RunTime:0.000000s ]
INFO: [ app_init ] --END-- [ RunTime:0.000000s ]
INFO: [ app_begin ] --START--
INFO: Run Behavior\ReadHtmlCacheBehavior [ RunTime:0.001000s ]
INFO: [ app_begin ] --END-- [ RunTime:0.001000s ]
SQL: SHOW COLUMNS FROM `crm_client` [ RunTime:0.0050s ]
SQL: SELECT * FROM `crm_client` WHERE `status` = 1 ORDER BY createtime desc LIMIT 20,10   [ RunTime:0.0000s ]
SQL: SELECT COUNT(*) AS tp_count FROM `crm_client` WHERE `status` = 1 LIMIT 1   [ RunTime:0.0010s ]
INFO: [ view_parse ] --START--
INFO: Run Behavior\ParseTemplateBehavior [ RunTime:0.001000s ]
INFO: [ view_parse ] --END-- [ RunTime:0.001000s ]
INFO: [ view_filter ] --START--
INFO: Run Behavior\WriteHtmlCacheBehavior [ RunTime:0.000000s ]
INFO: [ view_filter ] --END-- [ RunTime:0.000000s ]
INFO: [ app_end ] --START--
INFO: Run Behavior\ShowPageTraceBehavior [ RunTime:0.001000s ]
INFO: [ app_end ] --END-- [ RunTime:0.001000s ]

[ 2017-03-04T10:33:56+08:00 ] 127.0.0.1 /index.php/User/aunt_list/p/1.html
INFO: [ app_init ] --START--
INFO: Run Behavior\BuildLiteBehavior [ RunTime:0.000000s ]
INFO: [ app_init ] --END-- [ RunTime:0.015600s ]
INFO: [ app_begin ] --START--
INFO: Run Behavior\ReadHtmlCacheBehavior [ RunTime:0.001000s ]
INFO: [ app_begin ] --END-- [ RunTime:0.001000s ]
SQL: SHOW COLUMNS FROM `crm_client` [ RunTime:0.0030s ]
SQL: SELECT * FROM `crm_client` WHERE `status` = 1 ORDER BY createtime desc LIMIT 0,10   [ RunTime:0.0010s ]
SQL: SELECT COUNT(*) AS tp_count FROM `crm_client` WHERE `status` = 1 LIMIT 1   [ RunTime:0.0000s ]
INFO: [ view_parse ] --START--
INFO: Run Behavior\ParseTemplateBehavior [ RunTime:0.001000s ]
INFO: [ view_parse ] --END-- [ RunTime:0.001000s ]
INFO: [ view_filter ] --START--
INFO: Run Behavior\WriteHtmlCacheBehavior [ RunTime:0.000000s ]
INFO: [ view_filter ] --END-- [ RunTime:0.000000s ]
INFO: [ app_end ] --START--
INFO: Run Behavior\ShowPageTraceBehavior [ RunTime:0.000000s ]
INFO: [ app_end ] --END-- [ RunTime:0.000000s ]

[ 2017-03-04T10:33:59+08:00 ] 127.0.0.1 /index.php/User/aunt_list/p/2.html
INFO: [ app_init ] --START--
INFO: Run Behavior\BuildLiteBehavior [ RunTime:0.000000s ]
INFO: [ app_init ] --END-- [ RunTime:0.001000s ]
INFO: [ app_begin ] --START--
INFO: Run Behavior\ReadHtmlCacheBehavior [ RunTime:0.000000s ]
INFO: [ app_begin ] --END-- [ RunTime:0.000000s ]
SQL: SHOW COLUMNS FROM `crm_client` [ RunTime:0.0050s ]
SQL: SELECT * FROM `crm_client` WHERE `status` = 1 ORDER BY createtime desc LIMIT 10,10   [ RunTime:0.0010s ]
SQL: SELECT COUNT(*) AS tp_count FROM `crm_client` WHERE `status` = 1 LIMIT 1   [ RunTime:0.0010s ]
INFO: [ view_parse ] --START--
INFO: Run Behavior\ParseTemplateBehavior [ RunTime:0.001000s ]
INFO: [ view_parse ] --END-- [ RunTime:0.001000s ]
INFO: [ view_filter ] --START--
INFO: Run Behavior\WriteHtmlCacheBehavior [ RunTime:0.001000s ]
INFO: [ view_filter ] --END-- [ RunTime:0.001000s ]
INFO: [ app_end ] --START--
INFO: Run Behavior\ShowPageTraceBehavior [ RunTime:0.000000s ]
INFO: [ app_end ] --END-- [ RunTime:0.000000s ]

[ 2017-03-04T10:34:02+08:00 ] 127.0.0.1 /index.php/User/aunt_list/p/3.html
INFO: [ app_init ] --START--
INFO: Run Behavior\BuildLiteBehavior [ RunTime:0.000000s ]
INFO: [ app_init ] --END-- [ RunTime:0.000000s ]
INFO: [ app_begin ] --START--
INFO: Run Behavior\ReadHtmlCacheBehavior [ RunTime:0.001000s ]
INFO: [ app_begin ] --END-- [ RunTime:0.001000s ]
SQL: SHOW COLUMNS FROM `crm_client` [ RunTime:0.0060s ]
SQL: SELECT * FROM `crm_client` WHERE `status` = 1 ORDER BY createtime desc LIMIT 20,10   [ RunTime:0.0010s ]
SQL: SELECT COUNT(*) AS tp_count FROM `crm_client` WHERE `status` = 1 LIMIT 1   [ RunTime:0.0000s ]
INFO: [ view_parse ] --START--
INFO: Run Behavior\ParseTemplateBehavior [ RunTime:0.000000s ]
INFO: [ view_parse ] --END-- [ RunTime:0.001000s ]
INFO: [ view_filter ] --START--
INFO: Run Behavior\WriteHtmlCacheBehavior [ RunTime:0.000000s ]
INFO: [ view_filter ] --END-- [ RunTime:0.000000s ]
INFO: [ app_end ] --START--
INFO: Run Behavior\ShowPageTraceBehavior [ RunTime:0.001000s ]
INFO: [ app_end ] --END-- [ RunTime:0.001000s ]

